Analysis & Synthesis report for Security_System
Sun Aug 05 17:25:30 2018
Quartus II 64-Bit Version 13.0.1 Build 232 06/12/2013 Service Pack 1 SJ Web Edition


---------------------
; Table of Contents ;
---------------------
  1. Legal Notice
  2. Analysis & Synthesis Summary
  3. Analysis & Synthesis Settings
  4. Parallel Compilation
  5. Analysis & Synthesis Source Files Read
  6. Analysis & Synthesis Resource Usage Summary
  7. Analysis & Synthesis Resource Utilization by Entity
  8. Registers Removed During Synthesis
  9. General Register Statistics
 10. Multiplexer Restructuring Statistics (Restructuring Performed)
 11. Parameter Settings for Inferred Entity Instance: Digit_Converter:DUT3|lpm_divide:Mod0
 12. Parameter Settings for Inferred Entity Instance: Digit_Converter:DUT3|lpm_divide:Div0
 13. Parameter Settings for Inferred Entity Instance: Sensor_Controller:DUT2|lpm_divide:Div0
 14. Port Connectivity Checks: "CodecConfigurator:DUT5|I2CMaster:i2cm1|I2CTxLogic:txLogic"
 15. Port Connectivity Checks: "CodecConfigurator:DUT5"
 16. Elapsed Time Per Partition
 17. Analysis & Synthesis Messages
 18. Analysis & Synthesis Suppressed Messages



----------------
; Legal Notice ;
----------------
Copyright (C) 1991-2013 Altera Corporation
Your use of Altera Corporation's design tools, logic functions 
and other software and tools, and its AMPP partner logic 
functions, and any output files from any of the foregoing 
(including device programming or simulation files), and any 
associated documentation or information are expressly subject 
to the terms and conditions of the Altera Program License 
Subscription Agreement, Altera MegaCore Function License 
Agreement, or other applicable license agreement, including, 
without limitation, that your use is for the sole purpose of 
programming logic devices manufactured by Altera and sold by 
Altera or its authorized distributors.  Please refer to the 
applicable agreement for further details.



+--------------------------------------------------------------------------------------+
; Analysis & Synthesis Summary                                                         ;
+------------------------------------+-------------------------------------------------+
; Analysis & Synthesis Status        ; Successful - Sun Aug 05 17:25:30 2018           ;
; Quartus II 64-Bit Version          ; 13.0.1 Build 232 06/12/2013 SP 1 SJ Web Edition ;
; Revision Name                      ; Security_System                                 ;
; Top-level Entity Name              ; Security_Top                                    ;
; Family                             ; Cyclone II                                      ;
; Total logic elements               ; 678                                             ;
;     Total combinational functions  ; 677                                             ;
;     Dedicated logic registers      ; 80                                              ;
; Total registers                    ; 80                                              ;
; Total pins                         ; 23                                              ;
; Total virtual pins                 ; 0                                               ;
; Total memory bits                  ; 0                                               ;
; Embedded Multiplier 9-bit elements ; 0                                               ;
; Total PLLs                         ; 0                                               ;
+------------------------------------+-------------------------------------------------+


+----------------------------------------------------------------------------------------------------------------------+
; Analysis & Synthesis Settings                                                                                        ;
+----------------------------------------------------------------------------+--------------------+--------------------+
; Option                                                                     ; Setting            ; Default Value      ;
+----------------------------------------------------------------------------+--------------------+--------------------+
; Device                                                                     ; EP2C20F484C7       ;                    ;
; Top-level entity name                                                      ; Security_Top       ; Security_System    ;
; Family name                                                                ; Cyclone II         ; Cyclone IV GX      ;
; Use smart compilation                                                      ; Off                ; Off                ;
; Enable parallel Assembler and TimeQuest Timing Analyzer during compilation ; On                 ; On                 ;
; Enable compact report table                                                ; Off                ; Off                ;
; Restructure Multiplexers                                                   ; Auto               ; Auto               ;
; Create Debugging Nodes for IP Cores                                        ; Off                ; Off                ;
; Preserve fewer node names                                                  ; On                 ; On                 ;
; Disable OpenCore Plus hardware evaluation                                  ; Off                ; Off                ;
; Verilog Version                                                            ; Verilog_2001       ; Verilog_2001       ;
; VHDL Version                                                               ; VHDL_1993          ; VHDL_1993          ;
; State Machine Processing                                                   ; Auto               ; Auto               ;
; Safe State Machine                                                         ; Off                ; Off                ;
; Extract Verilog State Machines                                             ; On                 ; On                 ;
; Extract VHDL State Machines                                                ; On                 ; On                 ;
; Ignore Verilog initial constructs                                          ; Off                ; Off                ;
; Iteration limit for constant Verilog loops                                 ; 5000               ; 5000               ;
; Iteration limit for non-constant Verilog loops                             ; 250                ; 250                ;
; Add Pass-Through Logic to Inferred RAMs                                    ; On                 ; On                 ;
; Infer RAMs from Raw Logic                                                  ; On                 ; On                 ;
; Parallel Synthesis                                                         ; On                 ; On                 ;
; DSP Block Balancing                                                        ; Auto               ; Auto               ;
; NOT Gate Push-Back                                                         ; On                 ; On                 ;
; Power-Up Don't Care                                                        ; On                 ; On                 ;
; Remove Redundant Logic Cells                                               ; Off                ; Off                ;
; Remove Duplicate Registers                                                 ; On                 ; On                 ;
; Ignore CARRY Buffers                                                       ; Off                ; Off                ;
; Ignore CASCADE Buffers                                                     ; Off                ; Off                ;
; Ignore GLOBAL Buffers                                                      ; Off                ; Off                ;
; Ignore ROW GLOBAL Buffers                                                  ; Off                ; Off                ;
; Ignore LCELL Buffers                                                       ; Off                ; Off                ;
; Ignore SOFT Buffers                                                        ; On                 ; On                 ;
; Limit AHDL Integers to 32 Bits                                             ; Off                ; Off                ;
; Optimization Technique                                                     ; Balanced           ; Balanced           ;
; Carry Chain Length                                                         ; 70                 ; 70                 ;
; Auto Carry Chains                                                          ; On                 ; On                 ;
; Auto Open-Drain Pins                                                       ; On                 ; On                 ;
; Perform WYSIWYG Primitive Resynthesis                                      ; Off                ; Off                ;
; Auto ROM Replacement                                                       ; On                 ; On                 ;
; Auto RAM Replacement                                                       ; On                 ; On                 ;
; Auto Shift Register Replacement                                            ; Auto               ; Auto               ;
; Allow Shift Register Merging across Hierarchies                            ; Auto               ; Auto               ;
; Auto Clock Enable Replacement                                              ; On                 ; On                 ;
; Strict RAM Replacement                                                     ; Off                ; Off                ;
; Allow Synchronous Control Signals                                          ; On                 ; On                 ;
; Force Use of Synchronous Clear Signals                                     ; Off                ; Off                ;
; Auto RAM to Logic Cell Conversion                                          ; Off                ; Off                ;
; Auto Resource Sharing                                                      ; Off                ; Off                ;
; Allow Any RAM Size For Recognition                                         ; Off                ; Off                ;
; Allow Any ROM Size For Recognition                                         ; Off                ; Off                ;
; Allow Any Shift Register Size For Recognition                              ; Off                ; Off                ;
; Use LogicLock Constraints during Resource Balancing                        ; On                 ; On                 ;
; Ignore translate_off and synthesis_off directives                          ; Off                ; Off                ;
; Timing-Driven Synthesis                                                    ; Off                ; Off                ;
; Report Parameter Settings                                                  ; On                 ; On                 ;
; Report Source Assignments                                                  ; On                 ; On                 ;
; Report Connectivity Checks                                                 ; On                 ; On                 ;
; Ignore Maximum Fan-Out Assignments                                         ; Off                ; Off                ;
; Synchronization Register Chain Length                                      ; 2                  ; 2                  ;
; PowerPlay Power Optimization                                               ; Normal compilation ; Normal compilation ;
; HDL message level                                                          ; Level2             ; Level2             ;
; Suppress Register Optimization Related Messages                            ; Off                ; Off                ;
; Number of Removed Registers Reported in Synthesis Report                   ; 5000               ; 5000               ;
; Number of Swept Nodes Reported in Synthesis Report                         ; 5000               ; 5000               ;
; Number of Inverted Registers Reported in Synthesis Report                  ; 100                ; 100                ;
; Clock MUX Protection                                                       ; On                 ; On                 ;
; Auto Gated Clock Conversion                                                ; Off                ; Off                ;
; Block Design Naming                                                        ; Auto               ; Auto               ;
; SDC constraint protection                                                  ; Off                ; Off                ;
; Synthesis Effort                                                           ; Auto               ; Auto               ;
; Shift Register Replacement - Allow Asynchronous Clear Signal               ; On                 ; On                 ;
; Pre-Mapping Resynthesis Optimization                                       ; Off                ; Off                ;
; Analysis & Synthesis Message Level                                         ; Medium             ; Medium             ;
; Disable Register Merging Across Hierarchies                                ; Auto               ; Auto               ;
; Resource Aware Inference For Block RAM                                     ; On                 ; On                 ;
; Synthesis Seed                                                             ; 1                  ; 1                  ;
+----------------------------------------------------------------------------+--------------------+--------------------+


Parallel compilation was disabled, but you have multiple processors available. Enable parallel compilation to reduce compilation time.
+-------------------------------------+
; Parallel Compilation                ;
+----------------------------+--------+
; Processors                 ; Number ;
+----------------------------+--------+
; Number detected on machine ; 8      ;
; Maximum allowed            ; 1      ;
+----------------------------+--------+


+-----------------------------------------------------------------------------------------------------------------------------------------------------------------------------------+
; Analysis & Synthesis Source Files Read                                                                                                                                            ;
+----------------------------------+-----------------+------------------------------+-------------------------------------------------------------------------------------+---------+
; File Name with User-Entered Path ; Used in Netlist ; File Type                    ; File Name with Absolute Path                                                        ; Library ;
+----------------------------------+-----------------+------------------------------+-------------------------------------------------------------------------------------+---------+
; Security_Top.v                   ; yes             ; User Verilog HDL File        ; D:/Oana/Documents/Materiale Poli/GitHub/SecurityAlarmSys/Security_Top.v             ;         ;
; CLK_Divider.v                    ; yes             ; User Verilog HDL File        ; D:/Oana/Documents/Materiale Poli/GitHub/SecurityAlarmSys/CLK_Divider.v              ;         ;
; Sensor_Controller.v              ; yes             ; User Verilog HDL File        ; D:/Oana/Documents/Materiale Poli/GitHub/SecurityAlarmSys/Sensor_Controller.v        ;         ;
; Digit_Converter.v                ; yes             ; User Verilog HDL File        ; D:/Oana/Documents/Materiale Poli/GitHub/SecurityAlarmSys/Digit_Converter.v          ;         ;
; BCD.v                            ; yes             ; User Verilog HDL File        ; D:/Oana/Documents/Materiale Poli/GitHub/SecurityAlarmSys/BCD.v                      ;         ;
; Sound_Generator.v                ; yes             ; User Verilog HDL File        ; D:/Oana/Documents/Materiale Poli/GitHub/SecurityAlarmSys/Sound_Generator.v          ;         ;
; CodecConfigurator.v              ; yes             ; User Verilog HDL File        ; D:/Oana/Documents/Materiale Poli/GitHub/SecurityAlarmSys/CodecConfigurator.v        ;         ;
; I2CMaster.v                      ; yes             ; User Verilog HDL File        ; D:/Oana/Documents/Materiale Poli/GitHub/SecurityAlarmSys/I2CMaster.v                ;         ;
; I2CTxLogic.v                     ; yes             ; User Verilog HDL File        ; D:/Oana/Documents/Materiale Poli/GitHub/SecurityAlarmSys/I2CTxLogic.v               ;         ;
; lpm_divide.tdf                   ; yes             ; Megafunction                 ; d:/altera/13.0sp1/quartus/libraries/megafunctions/lpm_divide.tdf                    ;         ;
; abs_divider.inc                  ; yes             ; Megafunction                 ; d:/altera/13.0sp1/quartus/libraries/megafunctions/abs_divider.inc                   ;         ;
; sign_div_unsign.inc              ; yes             ; Megafunction                 ; d:/altera/13.0sp1/quartus/libraries/megafunctions/sign_div_unsign.inc               ;         ;
; aglobal130.inc                   ; yes             ; Megafunction                 ; d:/altera/13.0sp1/quartus/libraries/megafunctions/aglobal130.inc                    ;         ;
; db/lpm_divide_45m.tdf            ; yes             ; Auto-Generated Megafunction  ; D:/Oana/Documents/Materiale Poli/GitHub/SecurityAlarmSys/db/lpm_divide_45m.tdf      ;         ;
; db/sign_div_unsign_bkh.tdf       ; yes             ; Auto-Generated Megafunction  ; D:/Oana/Documents/Materiale Poli/GitHub/SecurityAlarmSys/db/sign_div_unsign_bkh.tdf ;         ;
; db/alt_u_div_ove.tdf             ; yes             ; Auto-Generated Megafunction  ; D:/Oana/Documents/Materiale Poli/GitHub/SecurityAlarmSys/db/alt_u_div_ove.tdf       ;         ;
; db/add_sub_lkc.tdf               ; yes             ; Auto-Generated Megafunction  ; D:/Oana/Documents/Materiale Poli/GitHub/SecurityAlarmSys/db/add_sub_lkc.tdf         ;         ;
; db/add_sub_mkc.tdf               ; yes             ; Auto-Generated Megafunction  ; D:/Oana/Documents/Materiale Poli/GitHub/SecurityAlarmSys/db/add_sub_mkc.tdf         ;         ;
; db/lpm_divide_eem.tdf            ; yes             ; Auto-Generated Megafunction  ; D:/Oana/Documents/Materiale Poli/GitHub/SecurityAlarmSys/db/lpm_divide_eem.tdf      ;         ;
; db/sign_div_unsign_olh.tdf       ; yes             ; Auto-Generated Megafunction  ; D:/Oana/Documents/Materiale Poli/GitHub/SecurityAlarmSys/db/sign_div_unsign_olh.tdf ;         ;
; db/alt_u_div_i2f.tdf             ; yes             ; Auto-Generated Megafunction  ; D:/Oana/Documents/Materiale Poli/GitHub/SecurityAlarmSys/db/alt_u_div_i2f.tdf       ;         ;
; db/lpm_divide_hem.tdf            ; yes             ; Auto-Generated Megafunction  ; D:/Oana/Documents/Materiale Poli/GitHub/SecurityAlarmSys/db/lpm_divide_hem.tdf      ;         ;
; db/sign_div_unsign_rlh.tdf       ; yes             ; Auto-Generated Megafunction  ; D:/Oana/Documents/Materiale Poli/GitHub/SecurityAlarmSys/db/sign_div_unsign_rlh.tdf ;         ;
; db/alt_u_div_o2f.tdf             ; yes             ; Auto-Generated Megafunction  ; D:/Oana/Documents/Materiale Poli/GitHub/SecurityAlarmSys/db/alt_u_div_o2f.tdf       ;         ;
+----------------------------------+-----------------+------------------------------+-------------------------------------------------------------------------------------+---------+


+-----------------------------------------------------+
; Analysis & Synthesis Resource Usage Summary         ;
+---------------------------------------------+-------+
; Resource                                    ; Usage ;
+---------------------------------------------+-------+
; Estimated Total logic elements              ; 678   ;
;                                             ;       ;
; Total combinational functions               ; 677   ;
; Logic element usage by number of LUT inputs ;       ;
;     -- 4 input functions                    ; 152   ;
;     -- 3 input functions                    ; 199   ;
;     -- <=2 input functions                  ; 326   ;
;                                             ;       ;
; Logic elements by mode                      ;       ;
;     -- normal mode                          ; 449   ;
;     -- arithmetic mode                      ; 228   ;
;                                             ;       ;
; Total registers                             ; 80    ;
;     -- Dedicated logic registers            ; 80    ;
;     -- I/O registers                        ; 0     ;
;                                             ;       ;
; I/O pins                                    ; 23    ;
; Embedded Multiplier 9-bit elements          ; 0     ;
; Maximum fan-out node                        ; RST   ;
; Maximum fan-out                             ; 51    ;
; Total fan-out                               ; 2057  ;
; Average fan-out                             ; 2.64  ;
+---------------------------------------------+-------+


+-------------------------------------------------------------------------------------------------------------------------------------------------------------------------------------------------------------------------------------------------------------------------------------------------------------+
; Analysis & Synthesis Resource Utilization by Entity                                                                                                                                                                                                                                                         ;
+-------------------------------------------+-------------------+--------------+-------------+--------------+---------+-----------+------+--------------+--------------------------------------------------------------------------------------------------------------------------------------+--------------+
; Compilation Hierarchy Node                ; LC Combinationals ; LC Registers ; Memory Bits ; DSP Elements ; DSP 9x9 ; DSP 18x18 ; Pins ; Virtual Pins ; Full Hierarchy Name                                                                                                                  ; Library Name ;
+-------------------------------------------+-------------------+--------------+-------------+--------------+---------+-----------+------+--------------+--------------------------------------------------------------------------------------------------------------------------------------+--------------+
; |Security_Top                             ; 677 (0)           ; 80 (0)       ; 0           ; 0            ; 0       ; 0         ; 23   ; 0            ; |Security_Top                                                                                                                        ; work         ;
;    |CLK_Divider:DUT1|                     ; 17 (17)           ; 13 (13)      ; 0           ; 0            ; 0       ; 0         ; 0    ; 0            ; |Security_Top|CLK_Divider:DUT1                                                                                                       ; work         ;
;    |CodecConfigurator:DUT5|               ; 62 (17)           ; 29 (15)      ; 0           ; 0            ; 0       ; 0         ; 0    ; 0            ; |Security_Top|CodecConfigurator:DUT5                                                                                                 ; work         ;
;       |I2CMaster:i2cm1|                   ; 45 (10)           ; 14 (5)       ; 0           ; 0            ; 0       ; 0         ; 0    ; 0            ; |Security_Top|CodecConfigurator:DUT5|I2CMaster:i2cm1                                                                                 ; work         ;
;          |I2CTxLogic:txLogic|             ; 35 (35)           ; 9 (9)        ; 0           ; 0            ; 0       ; 0         ; 0    ; 0            ; |Security_Top|CodecConfigurator:DUT5|I2CMaster:i2cm1|I2CTxLogic:txLogic                                                              ; work         ;
;    |Digit_Converter:DUT3|                 ; 183 (21)          ; 0 (0)        ; 0           ; 0            ; 0       ; 0         ; 0    ; 0            ; |Security_Top|Digit_Converter:DUT3                                                                                                   ; work         ;
;       |BCD:DUT1|                          ; 7 (7)             ; 0 (0)        ; 0           ; 0            ; 0       ; 0         ; 0    ; 0            ; |Security_Top|Digit_Converter:DUT3|BCD:DUT1                                                                                          ; work         ;
;       |BCD:DUT2|                          ; 7 (7)             ; 0 (0)        ; 0           ; 0            ; 0       ; 0         ; 0    ; 0            ; |Security_Top|Digit_Converter:DUT3|BCD:DUT2                                                                                          ; work         ;
;       |lpm_divide:Div0|                   ; 92 (0)            ; 0 (0)        ; 0           ; 0            ; 0       ; 0         ; 0    ; 0            ; |Security_Top|Digit_Converter:DUT3|lpm_divide:Div0                                                                                   ; work         ;
;          |lpm_divide_eem:auto_generated|  ; 92 (0)            ; 0 (0)        ; 0           ; 0            ; 0       ; 0         ; 0    ; 0            ; |Security_Top|Digit_Converter:DUT3|lpm_divide:Div0|lpm_divide_eem:auto_generated                                                     ; work         ;
;             |sign_div_unsign_olh:divider| ; 92 (0)            ; 0 (0)        ; 0           ; 0            ; 0       ; 0         ; 0    ; 0            ; |Security_Top|Digit_Converter:DUT3|lpm_divide:Div0|lpm_divide_eem:auto_generated|sign_div_unsign_olh:divider                         ; work         ;
;                |alt_u_div_i2f:divider|    ; 92 (92)           ; 0 (0)        ; 0           ; 0            ; 0       ; 0         ; 0    ; 0            ; |Security_Top|Digit_Converter:DUT3|lpm_divide:Div0|lpm_divide_eem:auto_generated|sign_div_unsign_olh:divider|alt_u_div_i2f:divider   ; work         ;
;       |lpm_divide:Mod0|                   ; 56 (0)            ; 0 (0)        ; 0           ; 0            ; 0       ; 0         ; 0    ; 0            ; |Security_Top|Digit_Converter:DUT3|lpm_divide:Mod0                                                                                   ; work         ;
;          |lpm_divide_45m:auto_generated|  ; 56 (0)            ; 0 (0)        ; 0           ; 0            ; 0       ; 0         ; 0    ; 0            ; |Security_Top|Digit_Converter:DUT3|lpm_divide:Mod0|lpm_divide_45m:auto_generated                                                     ; work         ;
;             |sign_div_unsign_bkh:divider| ; 56 (0)            ; 0 (0)        ; 0           ; 0            ; 0       ; 0         ; 0    ; 0            ; |Security_Top|Digit_Converter:DUT3|lpm_divide:Mod0|lpm_divide_45m:auto_generated|sign_div_unsign_bkh:divider                         ; work         ;
;                |alt_u_div_ove:divider|    ; 56 (56)           ; 0 (0)        ; 0           ; 0            ; 0       ; 0         ; 0    ; 0            ; |Security_Top|Digit_Converter:DUT3|lpm_divide:Mod0|lpm_divide_45m:auto_generated|sign_div_unsign_bkh:divider|alt_u_div_ove:divider   ; work         ;
;    |Sensor_Controller:DUT2|               ; 406 (50)          ; 29 (29)      ; 0           ; 0            ; 0       ; 0         ; 0    ; 0            ; |Security_Top|Sensor_Controller:DUT2                                                                                                 ; work         ;
;       |lpm_divide:Div0|                   ; 356 (0)           ; 0 (0)        ; 0           ; 0            ; 0       ; 0         ; 0    ; 0            ; |Security_Top|Sensor_Controller:DUT2|lpm_divide:Div0                                                                                 ; work         ;
;          |lpm_divide_hem:auto_generated|  ; 356 (0)           ; 0 (0)        ; 0           ; 0            ; 0       ; 0         ; 0    ; 0            ; |Security_Top|Sensor_Controller:DUT2|lpm_divide:Div0|lpm_divide_hem:auto_generated                                                   ; work         ;
;             |sign_div_unsign_rlh:divider| ; 356 (0)           ; 0 (0)        ; 0           ; 0            ; 0       ; 0         ; 0    ; 0            ; |Security_Top|Sensor_Controller:DUT2|lpm_divide:Div0|lpm_divide_hem:auto_generated|sign_div_unsign_rlh:divider                       ; work         ;
;                |alt_u_div_o2f:divider|    ; 356 (356)         ; 0 (0)        ; 0           ; 0            ; 0       ; 0         ; 0    ; 0            ; |Security_Top|Sensor_Controller:DUT2|lpm_divide:Div0|lpm_divide_hem:auto_generated|sign_div_unsign_rlh:divider|alt_u_div_o2f:divider ; work         ;
;    |Sound_Generator:DUT6|                 ; 9 (9)             ; 9 (9)        ; 0           ; 0            ; 0       ; 0         ; 0    ; 0            ; |Security_Top|Sound_Generator:DUT6                                                                                                   ; work         ;
+-------------------------------------------+-------------------+--------------+-------------+--------------+---------+-----------+------+--------------+--------------------------------------------------------------------------------------------------------------------------------------+--------------+
Note: For table entries with two numbers listed, the numbers in parentheses indicate the number of resources of the given type used by the specific entity alone. The numbers listed outside of parentheses indicate the total resources of the given type used by the specific entity and all of its sub-entities in the hierarchy.


+---------------------------------------------------------------------------------------------------+
; Registers Removed During Synthesis                                                                ;
+-----------------------------------------------------+---------------------------------------------+
; Register name                                       ; Reason for Removal                          ;
+-----------------------------------------------------+---------------------------------------------+
; CodecConfigurator:DUT5|data[7,8,13..15,17,19,22,23] ; Stuck at GND due to stuck port data_in      ;
; CodecConfigurator:DUT5|data[16]                     ; Merged with CodecConfigurator:DUT5|data[18] ;
; CodecConfigurator:DUT5|data[18]                     ; Merged with CodecConfigurator:DUT5|data[20] ;
; CodecConfigurator:DUT5|data[20]                     ; Merged with CodecConfigurator:DUT5|data[21] ;
; CodecConfigurator:DUT5|data[5]                      ; Merged with CodecConfigurator:DUT5|data[3]  ;
; Total Number of Removed Registers = 13              ;                                             ;
+-----------------------------------------------------+---------------------------------------------+


+------------------------------------------------------+
; General Register Statistics                          ;
+----------------------------------------------+-------+
; Statistic                                    ; Value ;
+----------------------------------------------+-------+
; Total registers                              ; 80    ;
; Number of registers using Synchronous Clear  ; 49    ;
; Number of registers using Synchronous Load   ; 0     ;
; Number of registers using Asynchronous Clear ; 29    ;
; Number of registers using Asynchronous Load  ; 0     ;
; Number of registers using Clock Enable       ; 24    ;
; Number of registers using Preset             ; 0     ;
+----------------------------------------------+-------+


+------------------------------------------------------------------------------------------------------------------------------------------------------------------------------------------------+
; Multiplexer Restructuring Statistics (Restructuring Performed)                                                                                                                                 ;
+--------------------+-----------+---------------+----------------------+------------------------+------------+----------------------------------------------------------------------------------+
; Multiplexer Inputs ; Bus Width ; Baseline Area ; Area if Restructured ; Saving if Restructured ; Registered ; Example Multiplexer Output                                                       ;
+--------------------+-----------+---------------+----------------------+------------------------+------------+----------------------------------------------------------------------------------+
; 3:1                ; 12 bits   ; 24 LEs        ; 12 LEs               ; 12 LEs                 ; Yes        ; |Security_Top|CLK_Divider:DUT1|Counter[5]                                        ;
; 3:1                ; 20 bits   ; 40 LEs        ; 20 LEs               ; 20 LEs                 ; Yes        ; |Security_Top|Sensor_Controller:DUT2|Counter[19]                                 ;
; 3:1                ; 8 bits    ; 16 LEs        ; 8 LEs                ; 8 LEs                  ; Yes        ; |Security_Top|Sensor_Controller:DUT2|Distance[1]                                 ;
; 8:1                ; 9 bits    ; 45 LEs        ; 36 LEs               ; 9 LEs                  ; Yes        ; |Security_Top|CodecConfigurator:DUT5|data[9]                                     ;
; 5:1                ; 2 bits    ; 6 LEs         ; 4 LEs                ; 2 LEs                  ; Yes        ; |Security_Top|CodecConfigurator:DUT5|I2CMaster:i2cm1|txState[1]                  ;
; 7:1                ; 4 bits    ; 16 LEs        ; 4 LEs                ; 12 LEs                 ; Yes        ; |Security_Top|CodecConfigurator:DUT5|I2CMaster:i2cm1|I2CTxLogic:txLogic|state[3] ;
+--------------------+-----------+---------------+----------------------+------------------------+------------+----------------------------------------------------------------------------------+


+---------------------------------------------------------------------------------------+
; Parameter Settings for Inferred Entity Instance: Digit_Converter:DUT3|lpm_divide:Mod0 ;
+------------------------+----------------+---------------------------------------------+
; Parameter Name         ; Value          ; Type                                        ;
+------------------------+----------------+---------------------------------------------+
; LPM_WIDTHN             ; 8              ; Untyped                                     ;
; LPM_WIDTHD             ; 4              ; Untyped                                     ;
; LPM_NREPRESENTATION    ; UNSIGNED       ; Untyped                                     ;
; LPM_DREPRESENTATION    ; UNSIGNED       ; Untyped                                     ;
; LPM_PIPELINE           ; 0              ; Untyped                                     ;
; LPM_REMAINDERPOSITIVE  ; TRUE           ; Untyped                                     ;
; MAXIMIZE_SPEED         ; 5              ; Untyped                                     ;
; CBXI_PARAMETER         ; lpm_divide_45m ; Untyped                                     ;
; CARRY_CHAIN            ; MANUAL         ; Untyped                                     ;
; OPTIMIZE_FOR_SPEED     ; 5              ; Untyped                                     ;
; AUTO_CARRY_CHAINS      ; ON             ; AUTO_CARRY                                  ;
; IGNORE_CARRY_BUFFERS   ; OFF            ; IGNORE_CARRY                                ;
; AUTO_CASCADE_CHAINS    ; ON             ; AUTO_CASCADE                                ;
; IGNORE_CASCADE_BUFFERS ; OFF            ; IGNORE_CASCADE                              ;
+------------------------+----------------+---------------------------------------------+
Note: In order to hide this table in the UI and the text report file, please set the "Show Parameter Settings in Synthesis Report" option in "Analysis and Synthesis Settings -> More Settings" to "Off".


+---------------------------------------------------------------------------------------+
; Parameter Settings for Inferred Entity Instance: Digit_Converter:DUT3|lpm_divide:Div0 ;
+------------------------+----------------+---------------------------------------------+
; Parameter Name         ; Value          ; Type                                        ;
+------------------------+----------------+---------------------------------------------+
; LPM_WIDTHN             ; 32             ; Untyped                                     ;
; LPM_WIDTHD             ; 4              ; Untyped                                     ;
; LPM_NREPRESENTATION    ; UNSIGNED       ; Untyped                                     ;
; LPM_DREPRESENTATION    ; UNSIGNED       ; Untyped                                     ;
; LPM_PIPELINE           ; 0              ; Untyped                                     ;
; LPM_REMAINDERPOSITIVE  ; TRUE           ; Untyped                                     ;
; MAXIMIZE_SPEED         ; 5              ; Untyped                                     ;
; CBXI_PARAMETER         ; lpm_divide_eem ; Untyped                                     ;
; CARRY_CHAIN            ; MANUAL         ; Untyped                                     ;
; OPTIMIZE_FOR_SPEED     ; 5              ; Untyped                                     ;
; AUTO_CARRY_CHAINS      ; ON             ; AUTO_CARRY                                  ;
; IGNORE_CARRY_BUFFERS   ; OFF            ; IGNORE_CARRY                                ;
; AUTO_CASCADE_CHAINS    ; ON             ; AUTO_CASCADE                                ;
; IGNORE_CASCADE_BUFFERS ; OFF            ; IGNORE_CASCADE                              ;
+------------------------+----------------+---------------------------------------------+
Note: In order to hide this table in the UI and the text report file, please set the "Show Parameter Settings in Synthesis Report" option in "Analysis and Synthesis Settings -> More Settings" to "Off".


+-----------------------------------------------------------------------------------------+
; Parameter Settings for Inferred Entity Instance: Sensor_Controller:DUT2|lpm_divide:Div0 ;
+------------------------+----------------+-----------------------------------------------+
; Parameter Name         ; Value          ; Type                                          ;
+------------------------+----------------+-----------------------------------------------+
; LPM_WIDTHN             ; 24             ; Untyped                                       ;
; LPM_WIDTHD             ; 6              ; Untyped                                       ;
; LPM_NREPRESENTATION    ; UNSIGNED       ; Untyped                                       ;
; LPM_DREPRESENTATION    ; UNSIGNED       ; Untyped                                       ;
; LPM_PIPELINE           ; 0              ; Untyped                                       ;
; LPM_REMAINDERPOSITIVE  ; TRUE           ; Untyped                                       ;
; MAXIMIZE_SPEED         ; 5              ; Untyped                                       ;
; CBXI_PARAMETER         ; lpm_divide_hem ; Untyped                                       ;
; CARRY_CHAIN            ; MANUAL         ; Untyped                                       ;
; OPTIMIZE_FOR_SPEED     ; 5              ; Untyped                                       ;
; AUTO_CARRY_CHAINS      ; ON             ; AUTO_CARRY                                    ;
; IGNORE_CARRY_BUFFERS   ; OFF            ; IGNORE_CARRY                                  ;
; AUTO_CASCADE_CHAINS    ; ON             ; AUTO_CASCADE                                  ;
; IGNORE_CASCADE_BUFFERS ; OFF            ; IGNORE_CASCADE                                ;
+------------------------+----------------+-----------------------------------------------+
Note: In order to hide this table in the UI and the text report file, please set the "Show Parameter Settings in Synthesis Report" option in "Analysis and Synthesis Settings -> More Settings" to "Off".


+--------------------------------------------------------------------------------------------------------------------------------------------------------------------------+
; Port Connectivity Checks: "CodecConfigurator:DUT5|I2CMaster:i2cm1|I2CTxLogic:txLogic"                                                                                    ;
+--------+-------+----------+----------------------------------------------------------------------------------------------------------------------------------------------+
; Port   ; Type  ; Severity ; Details                                                                                                                                      ;
+--------+-------+----------+----------------------------------------------------------------------------------------------------------------------------------------------+
; enable ; Input ; Warning  ; Declared by entity but not connected by instance. If a default value exists, it will be used.  Otherwise, the port will be connected to GND. ;
+--------+-------+----------+----------------------------------------------------------------------------------------------------------------------------------------------+


+-----------------------------------------------------+
; Port Connectivity Checks: "CodecConfigurator:DUT5"  ;
+--------+--------+----------+------------------------+
; Port   ; Type   ; Severity ; Details                ;
+--------+--------+----------+------------------------+
; ready  ; Output ; Info     ; Explicitly unconnected ;
; ackNum ; Output ; Info     ; Explicitly unconnected ;
+--------+--------+----------+------------------------+


+-------------------------------+
; Elapsed Time Per Partition    ;
+----------------+--------------+
; Partition Name ; Elapsed Time ;
+----------------+--------------+
; Top            ; 00:00:01     ;
+----------------+--------------+


+-------------------------------+
; Analysis & Synthesis Messages ;
+-------------------------------+
Info: *******************************************************************
Info: Running Quartus II 64-Bit Analysis & Synthesis
    Info: Version 13.0.1 Build 232 06/12/2013 Service Pack 1 SJ Web Edition
    Info: Processing started: Sun Aug 05 17:25:28 2018
Info: Command: quartus_map --read_settings_files=on --write_settings_files=off Security_System -c Security_System
Warning (20028): Parallel compilation is not licensed and has been disabled
Info (12021): Found 1 design units, including 1 entities, in source file security_top.v
    Info (12023): Found entity 1: Security_Top
Info (12021): Found 1 design units, including 1 entities, in source file clk_divider.v
    Info (12023): Found entity 1: CLK_Divider
Info (12021): Found 1 design units, including 1 entities, in source file sensor_controller.v
    Info (12023): Found entity 1: Sensor_Controller
Info (12021): Found 1 design units, including 1 entities, in source file digit_converter.v
    Info (12023): Found entity 1: Digit_Converter
Info (12021): Found 1 design units, including 1 entities, in source file bcd.v
    Info (12023): Found entity 1: BCD
Info (12021): Found 1 design units, including 1 entities, in source file alarm_controller.v
    Info (12023): Found entity 1: Alarm_Controller
Info (12021): Found 1 design units, including 1 entities, in source file i2c_automata.v
    Info (12023): Found entity 1: I2C_Automata
Info (12021): Found 1 design units, including 1 entities, in source file sound_generator.v
    Info (12023): Found entity 1: Sound_Generator
Info (12021): Found 1 design units, including 1 entities, in source file codecconfigurator.v
    Info (12023): Found entity 1: CodecConfigurator
Info (12021): Found 1 design units, including 1 entities, in source file i2cmaster.v
    Info (12023): Found entity 1: I2CMaster
Info (12021): Found 1 design units, including 1 entities, in source file i2ctxlogic.v
    Info (12023): Found entity 1: I2CTxLogic
Info (12127): Elaborating entity "Security_Top" for the top level hierarchy
Info (12128): Elaborating entity "CLK_Divider" for hierarchy "CLK_Divider:DUT1"
Warning (10230): Verilog HDL assignment warning at CLK_Divider.v(20): truncated value with size 32 to match size of target (12)
Info (12128): Elaborating entity "Sensor_Controller" for hierarchy "Sensor_Controller:DUT2"
Warning (10230): Verilog HDL assignment warning at Sensor_Controller.v(27): truncated value with size 32 to match size of target (20)
Warning (10230): Verilog HDL assignment warning at Sensor_Controller.v(31): truncated value with size 32 to match size of target (8)
Info (12128): Elaborating entity "Digit_Converter" for hierarchy "Digit_Converter:DUT3"
Warning (10230): Verilog HDL assignment warning at Digit_Converter.v(6): truncated value with size 32 to match size of target (4)
Warning (10230): Verilog HDL assignment warning at Digit_Converter.v(7): truncated value with size 32 to match size of target (4)
Info (12128): Elaborating entity "BCD" for hierarchy "Digit_Converter:DUT3|BCD:DUT1"
Info (12128): Elaborating entity "CodecConfigurator" for hierarchy "CodecConfigurator:DUT5"
Info (12128): Elaborating entity "I2CMaster" for hierarchy "CodecConfigurator:DUT5|I2CMaster:i2cm1"
Info (12128): Elaborating entity "I2CTxLogic" for hierarchy "CodecConfigurator:DUT5|I2CMaster:i2cm1|I2CTxLogic:txLogic"
Warning (10230): Verilog HDL assignment warning at I2CTxLogic.v(89): truncated value with size 8 to match size of target (1)
Info (12128): Elaborating entity "Sound_Generator" for hierarchy "Sound_Generator:DUT6"
Warning (10230): Verilog HDL assignment warning at Sound_Generator.v(17): truncated value with size 32 to match size of target (8)
Info (278001): Inferred 3 megafunctions from design logic
    Info (278004): Inferred divider/modulo megafunction ("lpm_divide") from the following logic: "Digit_Converter:DUT3|Mod0"
    Info (278004): Inferred divider/modulo megafunction ("lpm_divide") from the following logic: "Digit_Converter:DUT3|Div0"
    Info (278004): Inferred divider/modulo megafunction ("lpm_divide") from the following logic: "Sensor_Controller:DUT2|Div0"
Info (12130): Elaborated megafunction instantiation "Digit_Converter:DUT3|lpm_divide:Mod0"
Info (12133): Instantiated megafunction "Digit_Converter:DUT3|lpm_divide:Mod0" with the following parameter:
    Info (12134): Parameter "LPM_WIDTHN" = "8"
    Info (12134): Parameter "LPM_WIDTHD" = "4"
    Info (12134): Parameter "LPM_NREPRESENTATION" = "UNSIGNED"
    Info (12134): Parameter "LPM_DREPRESENTATION" = "UNSIGNED"
Info (12021): Found 1 design units, including 1 entities, in source file db/lpm_divide_45m.tdf
    Info (12023): Found entity 1: lpm_divide_45m
Info (12021): Found 1 design units, including 1 entities, in source file db/sign_div_unsign_bkh.tdf
    Info (12023): Found entity 1: sign_div_unsign_bkh
Info (12021): Found 1 design units, including 1 entities, in source file db/alt_u_div_ove.tdf
    Info (12023): Found entity 1: alt_u_div_ove
Info (12021): Found 1 design units, including 1 entities, in source file db/add_sub_lkc.tdf
    Info (12023): Found entity 1: add_sub_lkc
Info (12021): Found 1 design units, including 1 entities, in source file db/add_sub_mkc.tdf
    Info (12023): Found entity 1: add_sub_mkc
Info (12130): Elaborated megafunction instantiation "Digit_Converter:DUT3|lpm_divide:Div0"
Info (12133): Instantiated megafunction "Digit_Converter:DUT3|lpm_divide:Div0" with the following parameter:
    Info (12134): Parameter "LPM_WIDTHN" = "32"
    Info (12134): Parameter "LPM_WIDTHD" = "4"
    Info (12134): Parameter "LPM_NREPRESENTATION" = "UNSIGNED"
    Info (12134): Parameter "LPM_DREPRESENTATION" = "UNSIGNED"
Info (12021): Found 1 design units, including 1 entities, in source file db/lpm_divide_eem.tdf
    Info (12023): Found entity 1: lpm_divide_eem
Info (12021): Found 1 design units, including 1 entities, in source file db/sign_div_unsign_olh.tdf
    Info (12023): Found entity 1: sign_div_unsign_olh
Info (12021): Found 1 design units, including 1 entities, in source file db/alt_u_div_i2f.tdf
    Info (12023): Found entity 1: alt_u_div_i2f
Info (12130): Elaborated megafunction instantiation "Sensor_Controller:DUT2|lpm_divide:Div0"
Info (12133): Instantiated megafunction "Sensor_Controller:DUT2|lpm_divide:Div0" with the following parameter:
    Info (12134): Parameter "LPM_WIDTHN" = "24"
    Info (12134): Parameter "LPM_WIDTHD" = "6"
    Info (12134): Parameter "LPM_NREPRESENTATION" = "UNSIGNED"
    Info (12134): Parameter "LPM_DREPRESENTATION" = "UNSIGNED"
Info (12021): Found 1 design units, including 1 entities, in source file db/lpm_divide_hem.tdf
    Info (12023): Found entity 1: lpm_divide_hem
Info (12021): Found 1 design units, including 1 entities, in source file db/sign_div_unsign_rlh.tdf
    Info (12023): Found entity 1: sign_div_unsign_rlh
Info (12021): Found 1 design units, including 1 entities, in source file db/alt_u_div_o2f.tdf
    Info (12023): Found entity 1: alt_u_div_o2f
Warning (12241): 1 hierarchies have connectivity warnings - see the Connectivity Checks report folder
Warning (13034): The following nodes have both tri-state and non-tri-state drivers
    Warning (13035): Inserted always-enabled tri-state buffer between "Sound_Trig" and its non-tri-state driver.
Warning (13009): TRI or OPNDRN buffers permanently enabled
    Warning (13010): Node "Sound_Trig~synth"
Info (144001): Generated suppressed messages file D:/Oana/Documents/Materiale Poli/GitHub/SecurityAlarmSys/output_files/Security_System.map.smsg
Info (16010): Generating hard_block partition "hard_block:auto_generated_inst"
    Info (16011): Adding 0 node(s), including 0 DDIO, 0 PLL, 0 transceiver and 0 LCELL
Info (21057): Implemented 701 device resources after synthesis - the final resource count might be different
    Info (21058): Implemented 3 input pins
    Info (21059): Implemented 17 output pins
    Info (21060): Implemented 3 bidirectional pins
    Info (21061): Implemented 678 logic cells
Info: Quartus II 64-Bit Analysis & Synthesis was successful. 0 errors, 13 warnings
    Info: Peak virtual memory: 4647 megabytes
    Info: Processing ended: Sun Aug 05 17:25:30 2018
    Info: Elapsed time: 00:00:02
    Info: Total CPU time (on all processors): 00:00:02


+------------------------------------------+
; Analysis & Synthesis Suppressed Messages ;
+------------------------------------------+
The suppressed messages can be found in D:/Oana/Documents/Materiale Poli/GitHub/SecurityAlarmSys/output_files/Security_System.map.smsg.


